# JRE version: Java(TM) SE Runtime Environment (8.0_77-b03) (build 1.8.0_77-b03)
# Java VM: Java HotSpot(TM) 64-Bit Server VM (25.77-b03 mixed mode windows-amd64 compressed oops)
Heap:
 PSYoungGen      total 69120K, used 40736K [0x00000000eab00000, 0x00000000f0800000, 0x0000000100000000)
  eden space 47616K, 67% used [0x00000000eab00000,0x00000000eca42ff0,0x00000000ed980000)
  from space 21504K, 40% used [0x00000000ef000000,0x00000000ef8851e0,0x00000000f0500000)
  to   space 23040K, 0% used [0x00000000ed980000,0x00000000ed980000,0x00000000ef000000)
 ParOldGen       total 84992K, used 31879K [0x00000000c0000000, 0x00000000c5300000, 0x00000000eab00000)
  object space 84992K, 37% used [0x00000000c0000000,0x00000000c1f21e80,0x00000000c5300000)
 Metaspace       used 6526K, capacity 7192K, committed 7424K, reserved 1058816K
  class space    used 629K, capacity 656K, committed 768K, reserved 1048576K
GC Heap History (10 events):
Event: 5.070 GC heap before
{Heap before GC invocations=10 (full 1):
 PSYoungGen      total 43520K, used 43495K [0x00000000eab00000, 0x00000000ee780000, 0x0000000100000000)
  eden space 33280K, 100% used [0x00000000eab00000,0x00000000ecb80000,0x00000000ecb80000)
  from space 10240K, 99% used [0x00000000ed800000,0x00000000ee1f9f10,0x00000000ee200000)
  to   space 12800K, 0% used [0x00000000ecb80000,0x00000000ecb80000,0x00000000ed800000)
 ParOldGen       total 32256K, used 13789K [0x00000000c0000000, 0x00000000c1f80000, 0x00000000eab00000)
  object space 32256K, 42% used [0x00000000c0000000,0x00000000c0d77568,0x00000000c1f80000)
 Metaspace       used 6441K, capacity 7192K, committed 7424K, reserved 1058816K
  class space    used 627K, capacity 656K, committed 768K, reserved 1048576K
Event: 5.117 GC heap after
Heap after GC invocations=10 (full 1):
 PSYoungGen      total 46080K, used 12771K [0x00000000eab00000, 0x00000000ef180000, 0x0000000100000000)
  eden space 33280K, 0% used [0x00000000eab00000,0x00000000eab00000,0x00000000ecb80000)
  from space 12800K, 99% used [0x00000000ecb80000,0x00000000ed7f8c58,0x00000000ed800000)
  to   space 15360K, 0% used [0x00000000ee280000,0x00000000ee280000,0x00000000ef180000)
 ParOldGen       total 32256K, used 15866K [0x00000000c0000000, 0x00000000c1f80000, 0x00000000eab00000)
  object space 32256K, 49% used [0x00000000c0000000,0x00000000c0f7e840,0x00000000c1f80000)
 Metaspace       used 6441K, capacity 7192K, committed 7424K, reserved 1058816K
  class space    used 627K, capacity 656K, committed 768K, reserved 1048576K
}
Event: 5.341 GC heap before
{Heap before GC invocations=11 (full 1):
 PSYoungGen      total 46080K, used 46051K [0x00000000eab00000, 0x00000000ef180000, 0x0000000100000000)
  eden space 33280K, 100% used [0x00000000eab00000,0x00000000ecb80000,0x00000000ecb80000)
  from space 12800K, 99% used [0x00000000ecb80000,0x00000000ed7f8c58,0x00000000ed800000)
  to   space 15360K, 0% used [0x00000000ee280000,0x00000000ee280000,0x00000000ef180000)
 ParOldGen       total 32256K, used 15866K [0x00000000c0000000, 0x00000000c1f80000, 0x00000000eab00000)
  object space 32256K, 49% used [0x00000000c0000000,0x00000000c0f7e840,0x00000000c1f80000)
 Metaspace       used 6450K, capacity 7192K, committed 7424K, reserved 1058816K
  class space    used 627K, capacity 656K, committed 768K, reserved 1048576K
Event: 5.383 GC heap after
Heap after GC invocations=11 (full 1):
 PSYoungGen      total 54784K, used 14876K [0x00000000eab00000, 0x00000000ef600000, 0x0000000100000000)
  eden space 39424K, 0% used [0x00000000eab00000,0x00000000eab00000,0x00000000ed180000)
  from space 15360K, 96% used [0x00000000ee280000,0x00000000ef1073d8,0x00000000ef180000)
  to   space 17408K, 0% used [0x00000000ed180000,0x00000000ed180000,0x00000000ee280000)
 ParOldGen       total 32256K, used 17896K [0x00000000c0000000, 0x00000000c1f80000, 0x00000000eab00000)
  object space 32256K, 55% used [0x00000000c0000000,0x00000000c117a038,0x00000000c1f80000)
 Metaspace       used 6450K, capacity 7192K, committed 7424K, reserved 1058816K
  class space    used 627K, capacity 656K, committed 768K, reserved 1048576K
}
Event: 5.709 GC heap before
{Heap before GC invocations=12 (full 1):
 PSYoungGen      total 54784K, used 54300K [0x00000000eab00000, 0x00000000ef600000, 0x0000000100000000)
  eden space 39424K, 100% used [0x00000000eab00000,0x00000000ed180000,0x00000000ed180000)
  from space 15360K, 96% used [0x00000000ee280000,0x00000000ef1073d8,0x00000000ef180000)
  to   space 17408K, 0% used [0x00000000ed180000,0x00000000ed180000,0x00000000ee280000)
 ParOldGen       total 32256K, used 17896K [0x00000000c0000000, 0x00000000c1f80000, 0x00000000eab00000)
  object space 32256K, 55% used [0x00000000c0000000,0x00000000c117a038,0x00000000c1f80000)
 Metaspace       used 6496K, capacity 7192K, committed 7424K, reserved 1058816K
  class space    used 627K, capacity 656K, committed 768K, reserved 1048576K
Event: 5.734 GC heap after
Heap after GC invocations=12 (full 1):
 PSYoungGen      total 56832K, used 17405K [0x00000000eab00000, 0x00000000f0500000, 0x0000000100000000)
  eden space 39424K, 0% used [0x00000000eab00000,0x00000000eab00000,0x00000000ed180000)
  from space 17408K, 99% used [0x00000000ed180000,0x00000000ee27f4c8,0x00000000ee280000)
  to   space 21504K, 0% used [0x00000000ef000000,0x00000000ef000000,0x00000000f0500000)
 ParOldGen       total 32256K, used 21895K [0x00000000c0000000, 0x00000000c1f80000, 0x00000000eab00000)
  object space 32256K, 67% used [0x00000000c0000000,0x00000000c1561fc0,0x00000000c1f80000)
 Metaspace       used 6496K, capacity 7192K, committed 7424K, reserved 1058816K
  class space    used 627K, capacity 656K, committed 768K, reserved 1048576K
}
Event: 6.182 GC heap before
{Heap before GC invocations=13 (full 1):
 PSYoungGen      total 56832K, used 56829K [0x00000000eab00000, 0x00000000f0500000, 0x0000000100000000)
  eden space 39424K, 100% used [0x00000000eab00000,0x00000000ed180000,0x00000000ed180000)
  from space 17408K, 99% used [0x00000000ed180000,0x00000000ee27f4c8,0x00000000ee280000)
  to   space 21504K, 0% used [0x00000000ef000000,0x00000000ef000000,0x00000000f0500000)
 ParOldGen       total 32256K, used 21895K [0x00000000c0000000, 0x00000000c1f80000, 0x00000000eab00000)
  object space 32256K, 67% used [0x00000000c0000000,0x00000000c1561fc0,0x00000000c1f80000)
 Metaspace       used 6505K, capacity 7192K, committed 7424K, reserved 1058816K
  class space    used 627K, capacity 656K, committed 768K, reserved 1048576K
Event: 6.273 GC heap after
Heap after GC invocations=13 (full 1):
 PSYoungGen      total 69120K, used 16499K [0x00000000eab00000, 0x00000000f0800000, 0x0000000100000000)
  eden space 47616K, 0% used [0x00000000eab00000,0x00000000eab00000,0x00000000ed980000)
  from space 21504K, 76% used [0x00000000ef000000,0x00000000f001cf20,0x00000000f0500000)
  to   space 23040K, 0% used [0x00000000ed980000,0x00000000ed980000,0x00000000ef000000)
 ParOldGen       total 32256K, used 27796K [0x00000000c0000000, 0x00000000c1f80000, 0x00000000eab00000)
  object space 32256K, 86% used [0x00000000c0000000,0x00000000c1b251e0,0x00000000c1f80000)
 Metaspace       used 6505K, capacity 7192K, committed 7424K, reserved 1058816K
  class space    used 627K, capacity 656K, committed 768K, reserved 1048576K
}
Event: 6.273 GC heap before
{Heap before GC invocations=14 (full 2):
 PSYoungGen      total 69120K, used 16499K [0x00000000eab00000, 0x00000000f0800000, 0x0000000100000000)
  eden space 47616K, 0% used [0x00000000eab00000,0x00000000eab00000,0x00000000ed980000)
  from space 21504K, 76% used [0x00000000ef000000,0x00000000f001cf20,0x00000000f0500000)
  to   space 23040K, 0% used [0x00000000ed980000,0x00000000ed980000,0x00000000ef000000)
 ParOldGen       total 32256K, used 27796K [0x00000000c0000000, 0x00000000c1f80000, 0x00000000eab00000)
  object space 32256K, 86% used [0x00000000c0000000,0x00000000c1b251e0,0x00000000c1f80000)
 Metaspace       used 6505K, capacity 7192K, committed 7424K, reserved 1058816K
  class space    used 627K, capacity 656K, committed 768K, reserved 1048576K
Event: 6.803 GC heap after
Heap after GC invocations=14 (full 2):
 PSYoungGen      total 69120K, used 8724K [0x00000000eab00000, 0x00000000f0800000, 0x0000000100000000)
  eden space 47616K, 0% used [0x00000000eab00000,0x00000000eab00000,0x00000000ed980000)
  from space 21504K, 40% used [0x00000000ef000000,0x00000000ef8851e0,0x00000000f0500000)
  to   space 23040K, 0% used [0x00000000ed980000,0x00000000ed980000,0x00000000ef000000)
 ParOldGen       total 84992K, used 31879K [0x00000000c0000000, 0x00000000c5300000, 0x00000000eab00000)
  object space 84992K, 37% used [0x00000000c0000000,0x00000000c1f21e80,0x00000000c5300000)
 Metaspace       used 6505K, capacity 7192K, committed 7424K, reserved 1058816K
  class space    used 627K, capacity 656K, committed 768K, reserved 1048576K
}

